<?xml version="1.0" encoding="UTF-8" ?>
<testsuite tests="1" failures="0" name="MainTest" time="0.126" errors="1" skipped="0">
  <properties>
[...]
</properties>
  <testcase classname="MainTest" name="testMainTaskOne" time="0.126">
    <error message="Width (0) and height (0) must be &gt; 0" type="java.lang.IllegalArgumentException">java.lang.IllegalArgumentException: Width (0) and height (0) must be &gt; 0
	at java.desktop/java.awt.image.SampleModel.&lt;init&gt;(SampleModel.java:126)
	at java.desktop/java.awt.image.ComponentSampleModel.&lt;init&gt;(ComponentSampleModel.java:140)
	at java.desktop/java.awt.image.PixelInterleavedSampleModel.&lt;init&gt;(PixelInterleavedSampleModel.java:87)
	at java.desktop/java.awt.image.Raster.createInterleavedRaster(Raster.java:642)
	at java.desktop/java.awt.image.Raster.createInterleavedRaster(Raster.java:278)
	at java.desktop/java.awt.image.Raster.createInterleavedRaster(Raster.java:212)
	at java.desktop/java.awt.image.ComponentColorModel.createCompatibleWritableRaster(ComponentColorModel.java:2827)
	at java.desktop/java.awt.image.BufferedImage.&lt;init&gt;(BufferedImage.java:420)
	at com.mycompany.app.Main.showImage(Main.java:90)
	at com.mycompany.app.Main.main(Main.java:75)
	at MainTest.testMainTaskOne(MainTest.java:25)
	at java.base/jdk.internal.reflect.NativeMethodAccessorImpl.invoke0(Native Method)
	at java.base/jdk.internal.reflect.NativeMethodAccessorImpl.invoke(NativeMethodAccessorImpl.java:62)
	at java.base/jdk.internal.reflect.DelegatingMethodAccessorImpl.invoke(DelegatingMethodAccessorImpl.java:43)
	at java.base/java.lang.reflect.Method.invoke(Method.java:564)
	at org.junit.runners.model.FrameworkMethod$1.runReflectiveCall(FrameworkMethod.java:50)
	at org.junit.internal.runners.model.ReflectiveCallable.run(ReflectiveCallable.java:12)
	at org.junit.runners.model.FrameworkMethod.invokeExplosively(FrameworkMethod.java:47)
	at org.junit.internal.runners.statements.InvokeMethod.evaluate(InvokeMethod.java:17)
	at org.junit.internal.runners.statements.RunBefores.evaluate(RunBefores.java:26)
	at org.junit.internal.runners.statements.RunAfters.evaluate(RunAfters.java:27)
	at org.junit.runners.ParentRunner.runLeaf(ParentRunner.java:325)
	at org.junit.runners.BlockJUnit4ClassRunner.runChild(BlockJUnit4ClassRunner.java:78)
	at org.junit.runners.BlockJUnit4ClassRunner.runChild(BlockJUnit4ClassRunner.java:57)
	at org.junit.runners.ParentRunner$3.run(ParentRunner.java:290)
	at org.junit.runners.ParentRunner$1.schedule(ParentRunner.java:71)
	at org.junit.runners.ParentRunner.runChildren(ParentRunner.java:288)
	at org.junit.runners.ParentRunner.access$000(ParentRunner.java:58)
	at org.junit.runners.ParentRunner$2.evaluate(ParentRunner.java:268)
	at org.junit.runners.ParentRunner.run(ParentRunner.java:363)
	at org.apache.maven.surefire.junit4.JUnit4Provider.execute(JUnit4Provider.java:252)
	at org.apache.maven.surefire.junit4.JUnit4Provider.executeTestSet(JUnit4Provider.java:141)
	at org.apache.maven.surefire.junit4.JUnit4Provider.invoke(JUnit4Provider.java:112)
	at java.base/jdk.internal.reflect.NativeMethodAccessorImpl.invoke0(Native Method)
	at java.base/jdk.internal.reflect.NativeMethodAccessorImpl.invoke(NativeMethodAccessorImpl.java:62)
	at java.base/jdk.internal.reflect.DelegatingMethodAccessorImpl.invoke(DelegatingMethodAccessorImpl.java:43)
	at java.base/java.lang.reflect.Method.invoke(Method.java:564)
	at org.apache.maven.surefire.util.ReflectionUtils.invokeMethodWithArray(ReflectionUtils.java:189)
	at org.apache.maven.surefire.booter.ProviderFactory$ProviderProxy.invoke(ProviderFactory.java:165)
	at org.apache.maven.surefire.booter.ProviderFactory.invokeProvider(ProviderFactory.java:85)
	at org.apache.maven.surefire.booter.ForkedBooter.runSuitesInProcess(ForkedBooter.java:115)
	at org.apache.maven.surefire.booter.ForkedBooter.main(ForkedBooter.java:75)
</error>
    <system-out>2020-06-05 13:00:29 DEBUG Config:26 - loadConfiguration: loading properties
2020-06-05 13:00:29 INFO  Config:29 - loadConfiguration: Properties are loaded
2020-06-05 13:00:29 DEBUG OperatingSystemUtils:42 - Checking OS.....
2020-06-05 13:00:29 INFO  Main:44 - Welcome to OpenCV3.4.10
Welcome to OpenCV 3.4.10
OpenCV Mat: Mat [ 5*10*CV_8UC1, isCont=true, isSubmat=false, nativeObj=0x7ff4504859b0, dataAddr=0x7ff450452b40 ]
OpenCV Mat data:
[  0,   0,   0,   0,   0,   5,   0,   0,   0,   0;
   1,   1,   1,   1,   1,   5,   1,   1,   1,   1;
   0,   0,   0,   0,   0,   5,   0,   0,   0,   0;
   0,   0,   0,   0,   0,   5,   0,   0,   0,   0;
   0,   0,   0,   0,   0,   5,   0,   0,   0,   0]
</system-out>
  </testcase>
</testsuite>